#
# There is insufficient memory for the Java Runtime Environment to continue.
# Native memory allocation (malloc) failed to allocate 32744 bytes for ChunkPool::allocate
# Possible reasons:
#   The system is out of physical RAM or swap space
#   In 32 bit mode, the process size limit was hit
# Possible solutions:
#   Reduce memory load on the system
#   Increase physical memory or swap space
#   Check if swap backing store is full
#   Use 64 bit Java on a 64 bit OS
#   Decrease Java heap size (-Xmx/-Xms)
#   Decrease number of Java threads
#   Decrease Java thread stack sizes (-Xss)
#   Set larger code cache with -XX:ReservedCodeCacheSize=
# This output file may be truncated or incomplete.
#
#  Out of Memory Error (allocation.cpp:273), pid=5316, tid=11348
#
# JRE version: Java(TM) SE Runtime Environment (8.0_91-b15) (build 1.8.0_91-b15)
# Java VM: Java HotSpot(TM) 64-Bit Server VM (25.91-b15 mixed mode windows-amd64 compressed oops)
# Failed to write core dump. Minidumps are not enabled by default on client versions of Windows
#

---------------  T H R E A D  ---------------

Current thread (0x0000000017c04800):  JavaThread "C1 CompilerThread3" daemon [_thread_in_native, id=11348, stack(0x0000000018520000,0x0000000018620000)]

Stack: [0x0000000018520000,0x0000000018620000]
[error occurred during error reporting (printing stack bounds), id 0xc0000005]

Native frames: (J=compiled Java code, j=interpreted, Vv=VM code, C=native code)


Current CompileTask:
C1:    396   82   !   3       com.android.dx.cf.cst.ConstantPoolParser::parse0 (731 bytes)


---------------  P R O C E S S  ---------------

Java Threads: ( => current thread )
  0x0000000017cfd800 JavaThread "pool-1-thread-4" [_thread_new, id=7040, stack(0x0000000000000000,0x0000000000000000)]
  0x0000000017cf8000 JavaThread "pool-1-thread-3" [_thread_new, id=1192, stack(0x0000000000000000,0x0000000000000000)]
  0x0000000017cf6800 JavaThread "pool-1-thread-2" [_thread_new, id=5028, stack(0x0000000000000000,0x0000000000000000)]
  0x0000000017cf3800 JavaThread "pool-2-thread-1" [_thread_new, id=16372, stack(0x0000000000000000,0x0000000000000000)]
  0x0000000017c47800 JavaThread "pool-1-thread-1" [_thread_new, id=7840, stack(0x0000000000000000,0x0000000000000000)]
  0x0000000017c0d000 JavaThread "Service Thread" daemon [_thread_new, id=10232, stack(0x0000000000000000,0x0000000000000000)]
=>0x0000000017c04800 JavaThread "C1 CompilerThread3" daemon [_thread_in_native, id=11348, stack(0x0000000018520000,0x0000000018620000)]
  0x0000000017c01000 JavaThread "C2 CompilerThread2" daemon [_thread_blocked, id=12560, stack(0x0000000018420000,0x0000000018520000)]
  0x0000000015c4e000 JavaThread "C2 CompilerThread1" daemon [_thread_blocked, id=14616, stack(0x0000000018320000,0x0000000018420000)]
  0x0000000015c4b800 JavaThread "C2 CompilerThread0" daemon [_thread_blocked, id=8740, stack(0x0000000018220000,0x0000000018320000)]
  0x0000000017bb0000 JavaThread "Attach Listener" daemon [_thread_blocked, id=13128, stack(0x0000000018120000,0x0000000018220000)]
  0x0000000017baf000 JavaThread "Signal Dispatcher" daemon [_thread_blocked, id=5268, stack(0x0000000018020000,0x0000000018120000)]
  0x000000000311e000 JavaThread "Finalizer" daemon [_thread_blocked, id=7392, stack(0x0000000017f20000,0x0000000018020000)]
  0x0000000003117000 JavaThread "Reference Handler" daemon [_thread_blocked, id=10776, stack(0x0000000017a20000,0x0000000017b20000)]
  0x0000000002f1e000 JavaThread "main" [_thread_in_native, id=13524, stack(0x0000000002f20000,0x0000000003020000)]

Other Threads:
  0x0000000015c39000 VMThread [stack: 0x0000000017920000,0x0000000017a20000] [id=14860]
  0x0000000017c24800 WatcherThread [stack: 0x0000000018720000,0x0000000018820000] [id=16344]

VM state:not at safepoint (normal execution)

VM Mutex/Monitor currently owned by a thread: None

Heap:
 PSYoungGen      total 75776K, used 5203K [0x00000000eab00000, 0x00000000eff80000, 0x0000000100000000)
  eden space 65024K, 8% used [0x00000000eab00000,0x00000000eb014c18,0x00000000eea80000)
  from space 10752K, 0% used [0x00000000ef500000,0x00000000ef500000,0x00000000eff80000)
  to   space 10752K, 0% used [0x00000000eea80000,0x00000000eea80000,0x00000000ef500000)
 ParOldGen       total 173568K, used 0K [0x00000000c0000000, 0x00000000ca980000, 0x00000000eab00000)
  object space 173568K, 0% used [0x00000000c0000000,0x00000000c0000000,0x00000000ca980000)
 Metaspace       used 3761K, capacity 5104K, committed 5376K, reserved 1056768K
  class space    used 428K, capacity 488K, committed 512K, reserved 1048576K

Card table byte_map: [0x00000000124e0000,0x00000000126f0000] byte_map_base: 0x0000000011ee0000

Marking Bits: (ParMarkBitMap*) 0x0000000059cb2f70
 Begin Bits: [0x0000000013050000, 0x0000000014050000)
 End Bits:   [0x0000000014050000, 0x0000000015050000)

Polling page: 0x00000000012e0000

CodeCache: size=245760Kb used=1217Kb max_used=1217Kb free=244542Kb
 bounds [0x0000000003120000, 0x0000000003390000, 0x0000000012120000]
 total_blobs=340 nmethods=88 adapters=165
 compilation: enabled

Compilation events (10 events):
Event: 0.392 Thread 0x0000000017c04800 nmethod 83 0x000000000324bdd0 code [0x000000000324bf20, 0x000000000324c030]
Event: 0.392 Thread 0x0000000017c04800   84       1       com.android.dx.rop.cst.CstString::getString (5 bytes)
Event: 0.392 Thread 0x0000000017c04800 nmethod 84 0x000000000324d910 code [0x000000000324da60, 0x000000000324db70]
Event: 0.392 Thread 0x0000000017c04800   80       3       com.android.dx.rop.cst.TypedConstant::<init> (5 bytes)
Event: 0.392 Thread 0x0000000017c04800 nmethod 80 0x000000000324d490 code [0x000000000324d600, 0x000000000324d810]
Event: 0.392 Thread 0x0000000017c04800   86       1       com.android.dx.cf.direct.MemberListParser::getDefiner (5 bytes)
Event: 0.392 Thread 0x0000000017c04800 nmethod 86 0x000000000324d1d0 code [0x000000000324d320, 0x000000000324d430]
Event: 0.392 Thread 0x0000000017c04800   87       1       com.android.dx.cf.attrib.AttConstantValue::byteLength (3 bytes)
Event: 0.392 Thread 0x0000000017c04800 nmethod 87 0x000000000324cf10 code [0x000000000324d060, 0x000000000324d170]
Event: 0.392 Thread 0x0000000017c04800   82   !   3       com.android.dx.cf.cst.ConstantPoolParser::parse0 (731 bytes)

GC Heap History (0 events):
No events

Deoptimization events (0 events):
No events

Internal exceptions (2 events):
Event: 0.148 Thread 0x0000000002f1e000 Exception <a 'java/lang/NoSuchMethodError': Method sun.misc.Unsafe.defineClass(Ljava/lang/String;[BII)Ljava/lang/Class; name or signature does not match> (0x00000000eab07cc0) thrown at [C:\re\workspace\8-2-build-windows-amd64-cygwin\jdk8u91\7017\hotspot\srŸCŒìùÂ?
Event: 0.148 Thread 0x0000000002f1e000 Exception <a 'java/lang/NoSuchMethodError': Method sun.misc.Unsafe.prefetchRead(Ljava/lang/Object;J)V name or signature does not match> (0x00000000eab07fa8) thrown at [C:\re\workspace\8-2-build-windows-amd64-cygwin\jdk8u91\7017\hotspot\src\share\vm\prims\j

Events (10 events):
Event: 0.385 loading class com/android/dx/cf/attrib/InnerClassList$Item done
Event: 0.386 loading class com/android/dx/cf/attrib/AttInnerClasses
Event: 0.386 loading class com/android/dx/cf/attrib/AttInnerClasses done
Event: 0.386 Thread 0x0000000017cf6800 Thread added: 0x0000000017cf6800
Event: 0.387 loading class com/android/dx/cf/attrib/AttConstantValue
Event: 0.387 loading class com/android/dx/cf/attrib/AttConstantValue done
Event: 0.387 loading class com/android/dx/cf/iface/StdField
Event: 0.387 loading class com/android/dx/cf/iface/StdField done
Event: 0.389 Thread 0x0000000017cf8000 Thread added: 0x0000000017cf8000
Event: 0.392 Thread 0x0000000017cfd800 Thread added: 0x0000000017cfd800


Dynamic libraries:
0x00007ff635b40000 - 0x00007ff635b77000 	C:\Program Files\Java\jdk1.8.0_91\bin\java.exe
0x00007ff82fbd0000 - 0x00007ff82fda1000 	C:\WINDOWS\SYSTEM32\ntdll.dll
0x00007ff82f800000 - 0x00007ff82f8ab000 	C:\WINDOWS\System32\KERNEL32.DLL
0x00007ff82ca60000 - 0x00007ff82cc7d000 	C:\WINDOWS\System32\KERNELBASE.dll
0x00007ff82dd30000 - 0x00007ff82ddd2000 	C:\WINDOWS\System32\ADVAPI32.dll
0x00007ff82d160000 - 0x00007ff82d1fe000 	C:\WINDOWS\System32\msvcrt.dll
0x00007ff82fa10000 - 0x00007ff82fa69000 	C:\WINDOWS\System32\sechost.dll
0x00007ff82f4e0000 - 0x00007ff82f601000 	C:\WINDOWS\System32\RPCRT4.dll
0x00007ff82d420000 - 0x00007ff82d585000 	C:\WINDOWS\System32\USER32.dll
0x00007ff82cfb0000 - 0x00007ff82cfce000 	C:\WINDOWS\System32\win32u.dll
0x00007ff82f610000 - 0x00007ff82f644000 	C:\WINDOWS\System32\GDI32.dll
0x00007ff82cfd0000 - 0x00007ff82d152000 	C:\WINDOWS\System32\gdi32full.dll
0x00007ff81d7e0000 - 0x00007ff81da5a000 	C:\WINDOWS\WinSxS\amd64_microsoft.windows.common-controls_6595b64144ccf1df_6.0.14393.953_none_42151e83c686086b\COMCTL32.dll
0x00007ff82d590000 - 0x00007ff82d858000 	C:\WINDOWS\System32\combase.dll
0x00007ff82ceb0000 - 0x00007ff82cfa5000 	C:\WINDOWS\System32\ucrtbase.dll
0x00007ff82c8a0000 - 0x00007ff82c90a000 	C:\WINDOWS\System32\bcryptPrimitives.dll
0x00007ff82dcf0000 - 0x00007ff82dd1e000 	C:\WINDOWS\System32\IMM32.DLL
0x0000000059d40000 - 0x0000000059e12000 	C:\Program Files\Java\jdk1.8.0_91\jre\bin\msvcr100.dll
0x00000000594a0000 - 0x0000000059d33000 	C:\Program Files\Java\jdk1.8.0_91\jre\bin\server\jvm.dll
0x00007ff82dd20000 - 0x00007ff82dd28000 	C:\WINDOWS\System32\PSAPI.DLL
0x00007ff8191a0000 - 0x00007ff8191a9000 	C:\WINDOWS\SYSTEM32\WSOCK32.dll
0x00007ff82d340000 - 0x00007ff82d3aa000 	C:\WINDOWS\System32\WS2_32.dll
0x00007ff829f40000 - 0x00007ff829f63000 	C:\WINDOWS\SYSTEM32\WINMM.dll
0x00007ff820ff0000 - 0x00007ff820ffa000 	C:\WINDOWS\SYSTEM32\VERSION.dll
0x00007ff829ee0000 - 0x00007ff829f0b000 	C:\WINDOWS\SYSTEM32\WINMMBASE.dll
0x00007ff82c170000 - 0x00007ff82c1b2000 	C:\WINDOWS\System32\cfgmgr32.dll
0x0000000059490000 - 0x000000005949f000 	C:\Program Files\Java\jdk1.8.0_91\jre\bin\verify.dll
0x0000000059460000 - 0x0000000059489000 	C:\Program Files\Java\jdk1.8.0_91\jre\bin\java.dll
0x0000000059440000 - 0x0000000059456000 	C:\Program Files\Java\jdk1.8.0_91\jre\bin\zip.dll
0x00007ff82ddf0000 - 0x00007ff82f2f8000 	C:\WINDOWS\System32\SHELL32.dll
0x00007ff82c1c0000 - 0x00007ff82c89a000 	C:\WINDOWS\System32\windows.storage.dll
0x00007ff82c030000 - 0x00007ff82c07c000 	C:\WINDOWS\System32\powrprof.dll
0x00007ff82dc90000 - 0x00007ff82dce2000 	C:\WINDOWS\System32\shlwapi.dll
0x00007ff82c090000 - 0x00007ff82c09f000 	C:\WINDOWS\System32\kernel.appcore.dll
0x00007ff82c0c0000 - 0x00007ff82c169000 	C:\WINDOWS\System32\shcore.dll
0x00007ff82c0a0000 - 0x00007ff82c0b4000 	C:\WINDOWS\System32\profapi.dll

VM Arguments:
jvm_args: -Djava.awt.headless=true -Xmx1024M -Dfile.encoding=GBK -Duser.country=CN -Duser.language=zh -Duser.variant 
java_command: com.android.dx.command.Main --dex --num-threads=4 --output D:\code\react-native\unity-chan\android\app\build\intermediates\pre-dexed\debug\debug_ad0d5dc078881e83681082288c8a1192955d4e90.jar D:\code\react-native\unity-chan\android\app\build\intermediates\classes\debug
java_class_path (initial): C:\Users\Asus\AppData\Local\Android\sdk\build-tools\25.0.0\lib\dx.jar
Launcher Type: SUN_STANDARD

Environment Variables:
JAVA_HOME=C:\Program Files\Java\jdk1.8.0_91
CLASSPATH=D:\code\react-native\unity-chan\android\\gradle\wrapper\gradle-wrapper.jar
PATH=C:\ProgramData\Oracle\Java\javapath;C:\WINDOWS\system32;C:\WINDOWS;C:\WINDOWS\System32\Wbem;C:\WINDOWS\System32\WindowsPowerShell\v1.0\;C:\Program Files\Java\jdk1.8.0_91\bin;C:\Users\Asus\AppData\Local\Android\sdk\tools;C:\Program Files\nodejs\;C:\Users\Asus\AppData\Local\Android\sdk\platform-tools;C:\Program Files\Git\cmd;C:\Program Files\Android\Android Studio\gradle-3.4.1\bin;C:\ProgramData\Oracle\Java\javapath;C:\WINDOWS\system32;C:\WINDOWS;C:\WINDOWS\System32\Wbem;C:\WINDOWS\System32\WindowsPowerShell\v1.0\;C:\Program Files\Java\jdk1.8.0_91\bin;C:\Users\Asus\AppData\Local\Android\sdk\tools;C:\Program Files\nodejs\;C:\Users\Asus\AppData\Local\Android\sdk\platform-tools;C:\Program Files\Git\cmd;C:\Program Files\Android\Android Studio\gradle-3.4.1\bin;C:\Users\Asus\AppData\Local\Microsoft\WindowsApps;C:\Program Files (x86)\Microsoft VS Code\bin;C:\Users\Asus\AppData\Roaming\npm;C:\Program Files\Android\Android Studio\gradle\gradle-2.10\bin;D:\code\flutter\flutter\bin
USERNAME=Asus
OS=Windows_NT
PROCESSOR_IDENTIFIER=Intel64 Family 6 Model 158 Stepping 9, GenuineIntel



---------------  S Y S T E M  ---------------

OS: Windows 10.0 , 64 bit Build 14393 (10.0.14393.0)

CPU:total 8 (4 cores per cpu, 2 threads per core) family 6 model 158 stepping 9, cmov, cx8, fxsr, mmx, sse, sse2, sse3, ssse3, sse4.1, sse4.2, popcnt, avx, avx2, aes, clmul, erms, rtm, 3dnowpref, lzcnt, ht, tsc, tscinvbit, bmi1, bmi2, adx

Memory: 4k page, physical 16630956k(6721652k free), swap 29358504k(3044k free)

vm_info: Java HotSpot(TM) 64-Bit Server VM (25.91-b15) for windows-amd64 JRE (1.8.0_91-b15), built on May 20 2016 17:43:15 by "java_re" with MS VC++ 10.0 (VS2010)

time: Mon Jun 05 22:45:12 2017
elapsed time: 0 seconds (0d 0h 0m 0s)

