#
# There is insufficient memory for the Java Runtime Environment to continue.
# Native memory allocation (malloc) failed to allocate 32744 bytes for ChunkPool::allocate
# Possible reasons:
#   The system is out of physical RAM or swap space
#   In 32 bit mode, the process size limit was hit
# Possible solutions:
#   Reduce memory load on the system
#   Increase physical memory or swap space
#   Check if swap backing store is full
#   Use 64 bit Java on a 64 bit OS
#   Decrease Java heap size (-Xmx/-Xms)
#   Decrease number of Java threads
#   Decrease Java thread stack sizes (-Xss)
#   Set larger code cache with -XX:ReservedCodeCacheSize=
# This output file may be truncated or incomplete.
#
#  Out of Memory Error (allocation.cpp:273), pid=6388, tid=9644
#
# JRE version: Java(TM) SE Runtime Environment (8.0_91-b15) (build 1.8.0_91-b15)
# Java VM: Java HotSpot(TM) 64-Bit Server VM (25.91-b15 mixed mode windows-amd64 compressed oops)
# Failed to write core dump. Minidumps are not enabled by default on client versions of Windows
#

---------------  T H R E A D  ---------------

Current thread (0x0000000017e6b000):  JavaThread "C1 CompilerThread3" daemon [_thread_in_native, id=9644, stack(0x00000000188d0000,0x00000000189d0000)]

Stack: [0x00000000188d0000,0x00000000189d0000]
[error occurred during error reporting (printing stack bounds), id 0xc0000005]

Native frames: (J=compiled Java code, j=interpreted, Vv=VM code, C=native code)


Current CompileTask:
C1:    275  440   !   3       com.android.dx.cf.code.BytecodeArray::parseInstruction (2764 bytes)


---------------  P R O C E S S  ---------------

Java Threads: ( => current thread )
  0x0000000017fdf000 JavaThread "pool-1-thread-4" [_thread_blocked, id=9936, stack(0x0000000018fd0000,0x00000000190d0000)]
  0x0000000017fd9800 JavaThread "pool-1-thread-3" [_thread_in_vm, id=11776, stack(0x0000000018ed0000,0x0000000018fd0000)]
  0x0000000017fc4800 JavaThread "pool-1-thread-2" [_thread_blocked, id=13916, stack(0x0000000018dd0000,0x0000000018ed0000)]
  0x0000000017fc1800 JavaThread "pool-2-thread-1" [_thread_blocked, id=7332, stack(0x0000000018cd0000,0x0000000018dd0000)]
  0x0000000017fb7800 JavaThread "pool-1-thread-1" [_thread_blocked, id=13292, stack(0x0000000018bd0000,0x0000000018cd0000)]
  0x0000000017ef4800 JavaThread "Service Thread" daemon [_thread_blocked, id=5624, stack(0x00000000189d0000,0x0000000018ad0000)]
=>0x0000000017e6b000 JavaThread "C1 CompilerThread3" daemon [_thread_in_native, id=9644, stack(0x00000000188d0000,0x00000000189d0000)]
  0x0000000017e65000 JavaThread "C2 CompilerThread2" daemon [_thread_blocked, id=10388, stack(0x00000000187d0000,0x00000000188d0000)]
  0x0000000017e60800 JavaThread "C2 CompilerThread1" daemon [_thread_in_native, id=5124, stack(0x00000000186d0000,0x00000000187d0000)]
  0x0000000017e5d800 JavaThread "C2 CompilerThread0" daemon [_thread_in_native, id=9560, stack(0x00000000185d0000,0x00000000186d0000)]
  0x0000000017e5a000 JavaThread "Attach Listener" daemon [_thread_blocked, id=5296, stack(0x00000000184d0000,0x00000000185d0000)]
  0x0000000017e59000 JavaThread "Signal Dispatcher" daemon [_thread_blocked, id=5756, stack(0x00000000183d0000,0x00000000184d0000)]
  0x00000000033a9000 JavaThread "Finalizer" daemon [_thread_blocked, id=4152, stack(0x00000000181d0000,0x00000000182d0000)]
  0x00000000033a8000 JavaThread "Reference Handler" daemon [_thread_blocked, id=1700, stack(0x0000000017cd0000,0x0000000017dd0000)]
  0x0000000002f3e000 JavaThread "main" [_thread_blocked, id=732, stack(0x0000000002d80000,0x0000000002e80000)]

Other Threads:
  0x0000000015ec9800 VMThread [stack: 0x0000000017bd0000,0x0000000017cd0000] [id=3568]
  0x0000000017f46800 WatcherThread [stack: 0x0000000018ad0000,0x0000000018bd0000] [id=9220]

VM state:not at safepoint (normal execution)

VM Mutex/Monitor currently owned by a thread: None

Heap:
 PSYoungGen      total 75776K, used 15636K [0x00000000eab00000, 0x00000000eff80000, 0x0000000100000000)
  eden space 65024K, 24% used [0x00000000eab00000,0x00000000eba45048,0x00000000eea80000)
  from space 10752K, 0% used [0x00000000ef500000,0x00000000ef500000,0x00000000eff80000)
  to   space 10752K, 0% used [0x00000000eea80000,0x00000000eea80000,0x00000000ef500000)
 ParOldGen       total 173568K, used 0K [0x00000000c0000000, 0x00000000ca980000, 0x00000000eab00000)
  object space 173568K, 0% used [0x00000000c0000000,0x00000000c0000000,0x00000000ca980000)
 Metaspace       used 5293K, capacity 6448K, committed 6528K, reserved 1058816K
  class space    used 576K, capacity 616K, committed 640K, reserved 1048576K

Card table byte_map: [0x0000000012770000,0x0000000012980000] byte_map_base: 0x0000000012170000

Marking Bits: (ParMarkBitMap*) 0x0000000059cb2f70
 Begin Bits: [0x00000000132e0000, 0x00000000142e0000)
 End Bits:   [0x00000000142e0000, 0x00000000152e0000)

Polling page: 0x00000000011e0000

CodeCache: size=245760Kb used=2013Kb max_used=2024Kb free=243746Kb
 bounds [0x00000000033b0000, 0x0000000003620000, 0x00000000123b0000]
 total_blobs=690 nmethods=427 adapters=176
 compilation: enabled

Compilation events (10 events):
Event: 0.268 Thread 0x0000000017e6b000  434       1       com.android.dx.cf.code.Frame::getStack (5 bytes)
Event: 0.269 Thread 0x0000000017e6b000 nmethod 434 0x00000000035a8ad0 code [0x00000000035a8c20, 0x00000000035a8d30]
Event: 0.269 Thread 0x0000000017e6b000  368       3       com.android.dx.cf.attrib.AttConstantValue::<init> (71 bytes)
Event: 0.269 Thread 0x0000000017e6b000 nmethod 368 0x00000000035a7d50 code [0x00000000035a7f20, 0x00000000035a8918]
Event: 0.269 Thread 0x0000000017e6b000  435       1       com.android.dx.cf.code.LineNumberList$Item::getLineNumber (5 bytes)
Event: 0.269 Thread 0x0000000017e6b000 nmethod 435 0x00000000035a7a90 code [0x00000000035a7be0, 0x00000000035a7cf0]
Event: 0.269 Thread 0x0000000017e6b000  440   !   3       com.android.dx.cf.code.BytecodeArray::parseInstruction (2764 bytes)
Event: 0.270 Thread 0x0000000017e65000  451       4       java.util.ArrayList$Itr::next (66 bytes)
Event: 0.271 Thread 0x0000000017e65000 nmethod 451 0x00000000035a76d0 code [0x00000000035a7820, 0x00000000035a7938]
Event: 0.274 Thread 0x0000000017e5d800  463       4       java.util.HashMap::getNode (148 bytes)

GC Heap History (0 events):
No events

Deoptimization events (10 events):
Event: 0.211 Thread 0x0000000017fdf000 Uncommon trap: reason=class_check action=maybe_recompile pc=0x000000000354ee18 method=com.android.dx.rop.cst.Constant.compareTo(Ljava/lang/Object;)I @ 2
Event: 0.211 Thread 0x0000000017fd9800 Uncommon trap: reason=class_check action=maybe_recompile pc=0x000000000354ee18 method=com.android.dx.rop.cst.Constant.compareTo(Ljava/lang/Object;)I @ 2
Event: 0.211 Thread 0x0000000017fdf000 Uncommon trap: reason=class_check action=maybe_recompile pc=0x000000000354ee18 method=com.android.dx.rop.cst.Constant.compareTo(Ljava/lang/Object;)I @ 2
Event: 0.211 Thread 0x0000000017fdf000 Uncommon trap: reason=unstable_if action=reinterpret pc=0x0000000003553040 method=com.android.dx.rop.cst.CstMemberRef.compareTo0(Lcom/android/dx/rop/cst/Constant;)I @ 18
Event: 0.211 Thread 0x0000000017fdf000 Uncommon trap: reason=unstable_if action=reinterpret pc=0x000000000354b9b8 method=com.android.dx.rop.cst.CstMemberRef.compareTo0(Lcom/android/dx/rop/cst/Constant;)I @ 18
Event: 0.216 Thread 0x0000000017fc4800 Uncommon trap: reason=speculate_class_check action=maybe_recompile pc=0x000000000355b230 method=com.android.dx.rop.cst.Constant.compareTo(Lcom/android/dx/rop/cst/Constant;)I @ 29
Event: 0.216 Thread 0x0000000017fc4800 Uncommon trap: reason=speculate_class_check action=maybe_recompile pc=0x000000000355b230 method=com.android.dx.rop.cst.Constant.compareTo(Lcom/android/dx/rop/cst/Constant;)I @ 29
Event: 0.216 Thread 0x0000000017fc4800 Uncommon trap: reason=speculate_class_check action=maybe_recompile pc=0x000000000355b230 method=com.android.dx.rop.cst.Constant.compareTo(Lcom/android/dx/rop/cst/Constant;)I @ 29
Event: 0.216 Thread 0x0000000017fc4800 Uncommon trap: reason=speculate_class_check action=maybe_recompile pc=0x000000000355b230 method=com.android.dx.rop.cst.Constant.compareTo(Lcom/android/dx/rop/cst/Constant;)I @ 29
Event: 0.267 Thread 0x0000000002f3e000 Uncommon trap: reason=unstable_if action=reinterpret pc=0x0000000003589498 method=com.android.dx.rop.cst.CstFieldRef.compareTo0(Lcom/android/dx/rop/cst/Constant;)I @ 7

Internal exceptions (2 events):
Event: 0.033 Thread 0x0000000002f3e000 Exception <a 'java/lang/NoSuchMethodError': Method sun.misc.Unsafe.defineClass(Ljava/lang/String;[BII)Ljava/lang/Class; name or signature does not match> (0x00000000eab07cc0) thrown at [C:\re\workspace\8-2-build-windows-amd64-cygwin\jdk8u91\7017\hotspot\srîÒ¬=7¯ ?
Event: 0.033 Thread 0x0000000002f3e000 Exception <a 'java/lang/NoSuchMethodError': Method sun.misc.Unsafe.prefetchRead(Ljava/lang/Object;J)V name or signature does not match> (0x00000000eab07fa8) thrown at [C:\re\workspace\8-2-build-windows-amd64-cygwin\jdk8u91\7017\hotspot\src\share\vm\prims\j

Events (10 events):
Event: 0.255 loading class java/io/PrintWriter done
Event: 0.256 loading class com/android/dx/rop/annotation/AnnotationsList
Event: 0.256 loading class com/android/dx/rop/annotation/AnnotationsList done
Event: 0.256 loading class com/android/dx/dex/file/MethodIdItem
Event: 0.256 loading class com/android/dx/dex/file/MethodIdItem done
Event: 0.260 loading class com/android/dx/cf/code/BytecodeArray$ConstantParserVisitor
Event: 0.260 loading class com/android/dx/cf/code/BytecodeArray$ConstantParserVisitor done
Event: 0.267 Thread 0x0000000002f3e000 Uncommon trap: trap_request=0xffffff65 fr.pc=0x0000000003589498
Event: 0.267 Thread 0x0000000002f3e000 DEOPT PACKING pc=0x0000000003589498 sp=0x0000000002e7e260
Event: 0.267 Thread 0x0000000002f3e000 DEOPT UNPACKING pc=0x00000000033f582a sp=0x0000000002e7e118 mode 2


Dynamic libraries:
0x00007ff635b40000 - 0x00007ff635b77000 	C:\Program Files\Java\jdk1.8.0_91\bin\java.exe
0x00007ff82fbd0000 - 0x00007ff82fda1000 	C:\WINDOWS\SYSTEM32\ntdll.dll
0x00007ff82f800000 - 0x00007ff82f8ab000 	C:\WINDOWS\System32\KERNEL32.DLL
0x00007ff82ca60000 - 0x00007ff82cc7d000 	C:\WINDOWS\System32\KERNELBASE.dll
0x00007ff82dd30000 - 0x00007ff82ddd2000 	C:\WINDOWS\System32\ADVAPI32.dll
0x00007ff82d160000 - 0x00007ff82d1fe000 	C:\WINDOWS\System32\msvcrt.dll
0x00007ff82fa10000 - 0x00007ff82fa69000 	C:\WINDOWS\System32\sechost.dll
0x00007ff82f4e0000 - 0x00007ff82f601000 	C:\WINDOWS\System32\RPCRT4.dll
0x00007ff82d420000 - 0x00007ff82d585000 	C:\WINDOWS\System32\USER32.dll
0x00007ff82cfb0000 - 0x00007ff82cfce000 	C:\WINDOWS\System32\win32u.dll
0x00007ff82f610000 - 0x00007ff82f644000 	C:\WINDOWS\System32\GDI32.dll
0x00007ff82cfd0000 - 0x00007ff82d152000 	C:\WINDOWS\System32\gdi32full.dll
0x00007ff81d7e0000 - 0x00007ff81da5a000 	C:\WINDOWS\WinSxS\amd64_microsoft.windows.common-controls_6595b64144ccf1df_6.0.14393.953_none_42151e83c686086b\COMCTL32.dll
0x00007ff82d590000 - 0x00007ff82d858000 	C:\WINDOWS\System32\combase.dll
0x00007ff82ceb0000 - 0x00007ff82cfa5000 	C:\WINDOWS\System32\ucrtbase.dll
0x00007ff82c8a0000 - 0x00007ff82c90a000 	C:\WINDOWS\System32\bcryptPrimitives.dll
0x00007ff82dcf0000 - 0x00007ff82dd1e000 	C:\WINDOWS\System32\IMM32.DLL
0x0000000059d40000 - 0x0000000059e12000 	C:\Program Files\Java\jdk1.8.0_91\jre\bin\msvcr100.dll
0x00000000594a0000 - 0x0000000059d33000 	C:\Program Files\Java\jdk1.8.0_91\jre\bin\server\jvm.dll
0x00007ff82dd20000 - 0x00007ff82dd28000 	C:\WINDOWS\System32\PSAPI.DLL
0x00007ff8191a0000 - 0x00007ff8191a9000 	C:\WINDOWS\SYSTEM32\WSOCK32.dll
0x00007ff82d340000 - 0x00007ff82d3aa000 	C:\WINDOWS\System32\WS2_32.dll
0x00007ff829f40000 - 0x00007ff829f63000 	C:\WINDOWS\SYSTEM32\WINMM.dll
0x00007ff820ff0000 - 0x00007ff820ffa000 	C:\WINDOWS\SYSTEM32\VERSION.dll
0x00007ff829ee0000 - 0x00007ff829f0b000 	C:\WINDOWS\SYSTEM32\WINMMBASE.dll
0x00007ff82c170000 - 0x00007ff82c1b2000 	C:\WINDOWS\System32\cfgmgr32.dll
0x0000000059490000 - 0x000000005949f000 	C:\Program Files\Java\jdk1.8.0_91\jre\bin\verify.dll
0x0000000059460000 - 0x0000000059489000 	C:\Program Files\Java\jdk1.8.0_91\jre\bin\java.dll
0x0000000059440000 - 0x0000000059456000 	C:\Program Files\Java\jdk1.8.0_91\jre\bin\zip.dll
0x00007ff82ddf0000 - 0x00007ff82f2f8000 	C:\WINDOWS\System32\SHELL32.dll
0x00007ff82c1c0000 - 0x00007ff82c89a000 	C:\WINDOWS\System32\windows.storage.dll
0x00007ff82c030000 - 0x00007ff82c07c000 	C:\WINDOWS\System32\powrprof.dll
0x00007ff82dc90000 - 0x00007ff82dce2000 	C:\WINDOWS\System32\shlwapi.dll
0x00007ff82c090000 - 0x00007ff82c09f000 	C:\WINDOWS\System32\kernel.appcore.dll
0x00007ff82c0c0000 - 0x00007ff82c169000 	C:\WINDOWS\System32\shcore.dll
0x00007ff82c0a0000 - 0x00007ff82c0b4000 	C:\WINDOWS\System32\profapi.dll

VM Arguments:
jvm_args: -Djava.awt.headless=true -Xmx1024M -Dfile.encoding=GBK -Duser.country=CN -Duser.language=zh -Duser.variant 
java_command: com.android.dx.command.Main --dex --num-threads=4 --output D:\code\react-native\unity-chan\android\app\build\intermediates\pre-dexed\debug\debug_ad0d5dc078881e83681082288c8a1192955d4e90.jar D:\code\react-native\unity-chan\android\app\build\intermediates\classes\debug
java_class_path (initial): C:\Users\Asus\AppData\Local\Android\sdk\build-tools\25.0.0\lib\dx.jar
Launcher Type: SUN_STANDARD

Environment Variables:
JAVA_HOME=C:\Program Files\Java\jdk1.8.0_91
CLASSPATH=D:\code\react-native\unity-chan\android\\gradle\wrapper\gradle-wrapper.jar
PATH=C:\ProgramData\Oracle\Java\javapath;C:\WINDOWS\system32;C:\WINDOWS;C:\WINDOWS\System32\Wbem;C:\WINDOWS\System32\WindowsPowerShell\v1.0\;C:\Program Files\Java\jdk1.8.0_91\bin;C:\Users\Asus\AppData\Local\Android\sdk\tools;C:\Program Files\nodejs\;C:\Users\Asus\AppData\Local\Android\sdk\platform-tools;C:\Program Files\Git\cmd;C:\Program Files\Android\Android Studio\gradle-3.4.1\bin;C:\ProgramData\Oracle\Java\javapath;C:\WINDOWS\system32;C:\WINDOWS;C:\WINDOWS\System32\Wbem;C:\WINDOWS\System32\WindowsPowerShell\v1.0\;C:\Program Files\Java\jdk1.8.0_91\bin;C:\Users\Asus\AppData\Local\Android\sdk\tools;C:\Program Files\nodejs\;C:\Users\Asus\AppData\Local\Android\sdk\platform-tools;C:\Program Files\Git\cmd;C:\Program Files\Android\Android Studio\gradle-3.4.1\bin;C:\Users\Asus\AppData\Local\Microsoft\WindowsApps;C:\Program Files (x86)\Microsoft VS Code\bin;C:\Users\Asus\AppData\Roaming\npm;C:\Program Files\Android\Android Studio\gradle\gradle-2.10\bin;D:\code\flutter\flutter\bin
USERNAME=Asus
OS=Windows_NT
PROCESSOR_IDENTIFIER=Intel64 Family 6 Model 158 Stepping 9, GenuineIntel



---------------  S Y S T E M  ---------------

OS: Windows 10.0 , 64 bit Build 14393 (10.0.14393.0)

CPU:total 8 (4 cores per cpu, 2 threads per core) family 6 model 158 stepping 9, cmov, cx8, fxsr, mmx, sse, sse2, sse3, ssse3, sse4.1, sse4.2, popcnt, avx, avx2, aes, clmul, erms, rtm, 3dnowpref, lzcnt, ht, tsc, tscinvbit, bmi1, bmi2, adx

Memory: 4k page, physical 16630956k(6750296k free), swap 29358504k(1028k free)

vm_info: Java HotSpot(TM) 64-Bit Server VM (25.91-b15) for windows-amd64 JRE (1.8.0_91-b15), built on May 20 2016 17:43:15 by "java_re" with MS VC++ 10.0 (VS2010)

time: Mon Jun 05 23:27:00 2017
elapsed time: 0 seconds (0d 0h 0m 0s)

